<?xml version="1.0" encoding="UTF-8"?>
<testsuite xmlns:xsi="http://www.w3.org/2001/XMLSchema-instance" xsi:noNamespaceSchemaLocation="https://maven.apache.org/surefire/maven-surefire-plugin/xsd/surefire-test-report-3.0.xsd" version="3.0" name="org.demo.pc1_demo.course.application.CourseControllerTest" time="1.1" tests="7" errors="0" skipped="0" failures="0">
  <properties>
[...]
</properties>
  <testcase name="InscribirAlumno" classname="org.demo.pc1_demo.course.application.CourseControllerTest" time="0.293">
    <system-out><![CDATA[&amp#27;[2m2024-05-24T11:32:06.779-05:00&amp#27;[0;39m &amp#27;[32m INFO&amp#27;[0;39m &amp#27;[35m6451&amp#27;[0;39m &amp#27;[2m---&amp#27;[0;39m &amp#27;[2m[           main]&amp#27;[0;39m &amp#27;[2m&amp#27;[0;39m&amp#27;[36mt.c.s.AnnotationConfigContextLoaderUtils&amp#27;[0;39m &amp#27;[2m:&amp#27;[0;39m Could not detect default configuration classes for test class [org.demo.pc1_demo.course.application.CourseControllerTest]: CourseControllerTest does not declare any static, non-private, non-final, nested classes annotated with @Configuration.
&amp#27;[2m2024-05-24T11:32:06.786-05:00&amp#27;[0;39m &amp#27;[32m INFO&amp#27;[0;39m &amp#27;[35m6451&amp#27;[0;39m &amp#27;[2m---&amp#27;[0;39m &amp#27;[2m[           main]&amp#27;[0;39m &amp#27;[2m&amp#27;[0;39m&amp#27;[36m.b.t.c.SpringBootTestContextBootstrapper&amp#27;[0;39m &amp#27;[2m:&amp#27;[0;39m Found @SpringBootConfiguration org.demo.pc1_demo.Pc1DemoApplication for test class org.demo.pc1_demo.course.application.CourseControllerTest

  .   ____          _            __ _ _
 /\\ / ___'_ __ _ _(_)_ __  __ _ \ \ \ \
( ( )\___ | '_ | '_| | '_ \/ _` | \ \ \ \
 \\/  ___)| |_)| | | | | || (_| |  ) ) ) )
  '  |____| .__|_| |_|_| |_\__, | / / / /
 =========|_|==============|___/=/_/_/_/
&amp#27;[32m :: Spring Boot :: &amp#27;[39m              &amp#27;[2m (v3.2.5)&amp#27;[0;39m

&amp#27;[2m2024-05-24T11:32:06.798-05:00&amp#27;[0;39m &amp#27;[32m INFO&amp#27;[0;39m &amp#27;[35m6451&amp#27;[0;39m &amp#27;[2m---&amp#27;[0;39m &amp#27;[2m[           main]&amp#27;[0;39m &amp#27;[2m&amp#27;[0;39m&amp#27;[36mo.d.p.c.a.CourseControllerTest          &amp#27;[0;39m &amp#27;[2m:&amp#27;[0;39m Starting CourseControllerTest using Java 22.0.1 with PID 6451 (started by mateonoel in /Users/mateonoel/Desktop/pc1-repaso)
&amp#27;[2m2024-05-24T11:32:06.798-05:00&amp#27;[0;39m &amp#27;[32m INFO&amp#27;[0;39m &amp#27;[35m6451&amp#27;[0;39m &amp#27;[2m---&amp#27;[0;39m &amp#27;[2m[           main]&amp#27;[0;39m &amp#27;[2m&amp#27;[0;39m&amp#27;[36mo.d.p.c.a.CourseControllerTest          &amp#27;[0;39m &amp#27;[2m:&amp#27;[0;39m The following 1 profile is active: "test"
&amp#27;[2m2024-05-24T11:32:06.852-05:00&amp#27;[0;39m &amp#27;[32m INFO&amp#27;[0;39m &amp#27;[35m6451&amp#27;[0;39m &amp#27;[2m---&amp#27;[0;39m &amp#27;[2m[           main]&amp#27;[0;39m &amp#27;[2m&amp#27;[0;39m&amp#27;[36m.s.d.r.c.RepositoryConfigurationDelegate&amp#27;[0;39m &amp#27;[2m:&amp#27;[0;39m Bootstrapping Spring Data JPA repositories in DEFAULT mode.
&amp#27;[2m2024-05-24T11:32:06.856-05:00&amp#27;[0;39m &amp#27;[32m INFO&amp#27;[0;39m &amp#27;[35m6451&amp#27;[0;39m &amp#27;[2m---&amp#27;[0;39m &amp#27;[2m[           main]&amp#27;[0;39m &amp#27;[2m&amp#27;[0;39m&amp#27;[36m.s.d.r.c.RepositoryConfigurationDelegate&amp#27;[0;39m &amp#27;[2m:&amp#27;[0;39m Finished Spring Data repository scanning in 4 ms. Found 4 JPA repository interfaces.
&amp#27;[2m2024-05-24T11:32:06.896-05:00&amp#27;[0;39m &amp#27;[32m INFO&amp#27;[0;39m &amp#27;[35m6451&amp#27;[0;39m &amp#27;[2m---&amp#27;[0;39m &amp#27;[2m[           main]&amp#27;[0;39m &amp#27;[2m&amp#27;[0;39m&amp#27;[36mo.hibernate.jpa.internal.util.LogHelper &amp#27;[0;39m &amp#27;[2m:&amp#27;[0;39m HHH000204: Processing PersistenceUnitInfo [name: default]
&amp#27;[2m2024-05-24T11:32:06.896-05:00&amp#27;[0;39m &amp#27;[32m INFO&amp#27;[0;39m &amp#27;[35m6451&amp#27;[0;39m &amp#27;[2m---&amp#27;[0;39m &amp#27;[2m[           main]&amp#27;[0;39m &amp#27;[2m&amp#27;[0;39m&amp#27;[36mo.h.c.internal.RegionFactoryInitiator   &amp#27;[0;39m &amp#27;[2m:&amp#27;[0;39m HHH000026: Second-level cache disabled
&amp#27;[2m2024-05-24T11:32:06.898-05:00&amp#27;[0;39m &amp#27;[32m INFO&amp#27;[0;39m &amp#27;[35m6451&amp#27;[0;39m &amp#27;[2m---&amp#27;[0;39m &amp#27;[2m[           main]&amp#27;[0;39m &amp#27;[2m&amp#27;[0;39m&amp#27;[36mo.s.o.j.p.SpringPersistenceUnitInfo     &amp#27;[0;39m &amp#27;[2m:&amp#27;[0;39m No LoadTimeWeaver setup: ignoring JPA class transformer
&amp#27;[2m2024-05-24T11:32:06.898-05:00&amp#27;[0;39m &amp#27;[32m INFO&amp#27;[0;39m &amp#27;[35m6451&amp#27;[0;39m &amp#27;[2m---&amp#27;[0;39m &amp#27;[2m[           main]&amp#27;[0;39m &amp#27;[2m&amp#27;[0;39m&amp#27;[36mcom.zaxxer.hikari.HikariDataSource      &amp#27;[0;39m &amp#27;[2m:&amp#27;[0;39m HikariPool-2 - Starting...
&amp#27;[2m2024-05-24T11:32:06.899-05:00&amp#27;[0;39m &amp#27;[32m INFO&amp#27;[0;39m &amp#27;[35m6451&amp#27;[0;39m &amp#27;[2m---&amp#27;[0;39m &amp#27;[2m[           main]&amp#27;[0;39m &amp#27;[2m&amp#27;[0;39m&amp#27;[36mcom.zaxxer.hikari.pool.HikariPool       &amp#27;[0;39m &amp#27;[2m:&amp#27;[0;39m HikariPool-2 - Added connection conn10: url=jdbc:h2:mem:243a3dcd-0a7f-4f7b-8dac-9bb2e0e84b10 user=SA
&amp#27;[2m2024-05-24T11:32:06.899-05:00&amp#27;[0;39m &amp#27;[32m INFO&amp#27;[0;39m &amp#27;[35m6451&amp#27;[0;39m &amp#27;[2m---&amp#27;[0;39m &amp#27;[2m[           main]&amp#27;[0;39m &amp#27;[2m&amp#27;[0;39m&amp#27;[36mcom.zaxxer.hikari.HikariDataSource      &amp#27;[0;39m &amp#27;[2m:&amp#27;[0;39m HikariPool-2 - Start completed.
&amp#27;[2m2024-05-24T11:32:06.933-05:00&amp#27;[0;39m &amp#27;[32m INFO&amp#27;[0;39m &amp#27;[35m6451&amp#27;[0;39m &amp#27;[2m---&amp#27;[0;39m &amp#27;[2m[           main]&amp#27;[0;39m &amp#27;[2m&amp#27;[0;39m&amp#27;[36mo.h.e.t.j.p.i.JtaPlatformInitiator      &amp#27;[0;39m &amp#27;[2m:&amp#27;[0;39m HHH000489: No JTA platform available (set 'hibernate.transaction.jta.platform' to enable JTA platform integration)
Hibernate: drop table if exists course cascade 
Hibernate: drop table if exists student cascade 
Hibernate: drop table if exists student_courses cascade 
Hibernate: drop table if exists teacher cascade 
Hibernate: drop table if exists users cascade 
Hibernate: drop sequence if exists course_seq
Hibernate: drop sequence if exists users_seq
Hibernate: create sequence course_seq start with 1 increment by 50
Hibernate: create sequence users_seq start with 1 increment by 50
Hibernate: create table course (remaining_spots integer, id bigint not null, teacher_id bigint, title varchar(255), primary key (id))
Hibernate: create table student (id bigint not null, primary key (id))
Hibernate: create table student_courses (courses_id bigint not null, students_id bigint not null)
Hibernate: create table teacher (id bigint not null, primary key (id))
Hibernate: create table users (role tinyint not null check (role between 0 and 1), id bigint not null, email varchar(255) not null, name varchar(255) not null, password varchar(255) not null, primary key (id))
Hibernate: alter table if exists course add constraint FKsybhlxoejr4j3teomm5u2bx1n foreign key (teacher_id) references teacher
Hibernate: alter table if exists student add constraint FK3w7xmt19i6a0cr7kp8c80ek40 foreign key (id) references users
Hibernate: alter table if exists student_courses add constraint FKlwviiijdg10oc2ui4yl7adh1o foreign key (courses_id) references course
Hibernate: alter table if exists student_courses add constraint FKrgo64lg01pxfwq2x9753jgywc foreign key (students_id) references student
Hibernate: alter table if exists teacher add constraint FKspqy2s83gvl6g8nt5aubls90k foreign key (id) references users
&amp#27;[2m2024-05-24T11:32:06.938-05:00&amp#27;[0;39m &amp#27;[32m INFO&amp#27;[0;39m &amp#27;[35m6451&amp#27;[0;39m &amp#27;[2m---&amp#27;[0;39m &amp#27;[2m[           main]&amp#27;[0;39m &amp#27;[2m&amp#27;[0;39m&amp#27;[36mj.LocalContainerEntityManagerFactoryBean&amp#27;[0;39m &amp#27;[2m:&amp#27;[0;39m Initialized JPA EntityManagerFactory for persistence unit 'default'
&amp#27;[2m2024-05-24T11:32:06.981-05:00&amp#27;[0;39m &amp#27;[33m WARN&amp#27;[0;39m &amp#27;[35m6451&amp#27;[0;39m &amp#27;[2m---&amp#27;[0;39m &amp#27;[2m[           main]&amp#27;[0;39m &amp#27;[2m&amp#27;[0;39m&amp#27;[36mJpaBaseConfiguration$JpaWebConfiguration&amp#27;[0;39m &amp#27;[2m:&amp#27;[0;39m spring.jpa.open-in-view is enabled by default. Therefore, database queries may be performed during view rendering. Explicitly configure spring.jpa.open-in-view to disable this warning
&amp#27;[2m2024-05-24T11:32:07.029-05:00&amp#27;[0;39m &amp#27;[32m INFO&amp#27;[0;39m &amp#27;[35m6451&amp#27;[0;39m &amp#27;[2m---&amp#27;[0;39m &amp#27;[2m[           main]&amp#27;[0;39m &amp#27;[2m&amp#27;[0;39m&amp#27;[36mo.s.s.web.DefaultSecurityFilterChain    &amp#27;[0;39m &amp#27;[2m:&amp#27;[0;39m Will secure any request with [org.springframework.security.web.session.DisableEncodeUrlFilter@55c75b72, org.springframework.security.web.context.request.async.WebAsyncManagerIntegrationFilter@567412db, org.springframework.security.web.context.SecurityContextHolderFilter@38159192, org.springframework.security.web.header.HeaderWriterFilter@7b6d88d1, org.springframework.web.filter.CorsFilter@4addfb95, org.springframework.security.web.authentication.logout.LogoutFilter@582b6362, org.demo.pc1_demo.config.JwtAuthenticationFilter@6a06b374, org.springframework.security.web.savedrequest.RequestCacheAwareFilter@363d3958, org.springframework.security.web.servletapi.SecurityContextHolderAwareRequestFilter@2181144e, org.springframework.security.web.authentication.AnonymousAuthenticationFilter@2d3bb293, org.springframework.security.web.session.SessionManagementFilter@14cf30b3, org.springframework.security.web.access.ExceptionTranslationFilter@4a2891d1, org.springframework.security.web.access.intercept.AuthorizationFilter@2e89310c]
&amp#27;[2m2024-05-24T11:32:07.080-05:00&amp#27;[0;39m &amp#27;[32m INFO&amp#27;[0;39m &amp#27;[35m6451&amp#27;[0;39m &amp#27;[2m---&amp#27;[0;39m &amp#27;[2m[           main]&amp#27;[0;39m &amp#27;[2m&amp#27;[0;39m&amp#27;[36mo.s.b.t.m.w.SpringBootMockServletContext&amp#27;[0;39m &amp#27;[2m:&amp#27;[0;39m Initializing Spring TestDispatcherServlet ''
&amp#27;[2m2024-05-24T11:32:07.080-05:00&amp#27;[0;39m &amp#27;[32m INFO&amp#27;[0;39m &amp#27;[35m6451&amp#27;[0;39m &amp#27;[2m---&amp#27;[0;39m &amp#27;[2m[           main]&amp#27;[0;39m &amp#27;[2m&amp#27;[0;39m&amp#27;[36mo.s.t.web.servlet.TestDispatcherServlet &amp#27;[0;39m &amp#27;[2m:&amp#27;[0;39m Initializing Servlet ''
&amp#27;[2m2024-05-24T11:32:07.081-05:00&amp#27;[0;39m &amp#27;[32m INFO&amp#27;[0;39m &amp#27;[35m6451&amp#27;[0;39m &amp#27;[2m---&amp#27;[0;39m &amp#27;[2m[           main]&amp#27;[0;39m &amp#27;[2m&amp#27;[0;39m&amp#27;[36mo.s.t.web.servlet.TestDispatcherServlet &amp#27;[0;39m &amp#27;[2m:&amp#27;[0;39m Completed initialization in 0 ms
&amp#27;[2m2024-05-24T11:32:07.084-05:00&amp#27;[0;39m &amp#27;[32m INFO&amp#27;[0;39m &amp#27;[35m6451&amp#27;[0;39m &amp#27;[2m---&amp#27;[0;39m &amp#27;[2m[           main]&amp#27;[0;39m &amp#27;[2m&amp#27;[0;39m&amp#27;[36mo.d.p.c.a.CourseControllerTest          &amp#27;[0;39m &amp#27;[2m:&amp#27;[0;39m Started CourseControllerTest in 0.297 seconds (process running for 2.438)
Hibernate: select t1_0.id,t1_1.email,t1_1.name,t1_1.password,t1_1.role from teacher t1_0 join users t1_1 on t1_0.id=t1_1.id
Hibernate: select u1_0.id,case when u1_1.id is not null then 1 when u1_2.id is not null then 2 when u1_0.id is not null then 0 end,u1_0.email,u1_0.name,u1_0.password,u1_0.role,u1_1.id,u1_2.id from users u1_0 left join student u1_1 on u1_0.id=u1_1.id left join teacher u1_2 on u1_0.id=u1_2.id where u1_0.email=?
Hibernate: select next value for users_seq
Hibernate: insert into users (email,name,password,role,id) values (?,?,?,?,?)
Hibernate: insert into student (id) values (?)
Hibernate: select u1_0.id,case when u1_1.id is not null then 1 when u1_2.id is not null then 2 when u1_0.id is not null then 0 end,u1_0.email,u1_0.name,u1_0.password,u1_0.role,u1_1.id,u1_2.id from users u1_0 left join student u1_1 on u1_0.id=u1_1.id left join teacher u1_2 on u1_0.id=u1_2.id where u1_0.email=?
Hibernate: select next value for users_seq
Hibernate: insert into users (email,name,password,role,id) values (?,?,?,?,?)
Hibernate: insert into teacher (id) values (?)
Token: eyJhbGciOiJIUzI1NiIsInR5cCI6IkpXVCJ9.eyJzdWIiOiJqaG9uQGdtYWlsLmNvbSIsInJvbGUiOiJST0xFX1RFQUNIRVIiLCJpYXQiOjE3MTY1NjgzMjcsImV4cCI6MTcxNjYwNDMyN30.9R2oA8sTn5nxBaKoB_sCr4oFKVWVUMY9Rf97Skol238
Hibernate: select u1_0.id,case when u1_1.id is not null then 1 when u1_2.id is not null then 2 when u1_0.id is not null then 0 end,u1_0.email,u1_0.name,u1_0.password,u1_0.role,u1_1.id,u1_2.id from users u1_0 left join student u1_1 on u1_0.id=u1_1.id left join teacher u1_2 on u1_0.id=u1_2.id where u1_0.email=?
Hibernate: select next value for course_seq
Hibernate: insert into course (remaining_spots,teacher_id,title,id) values (?,?,?,?)
Hibernate: select u1_0.id,case when u1_1.id is not null then 1 when u1_2.id is not null then 2 when u1_0.id is not null then 0 end,u1_0.email,u1_0.name,u1_0.password,u1_0.role,u1_1.id,u1_2.id from users u1_0 left join student u1_1 on u1_0.id=u1_1.id left join teacher u1_2 on u1_0.id=u1_2.id where u1_0.email=?
Hibernate: select next value for course_seq
Hibernate: insert into course (remaining_spots,teacher_id,title,id) values (?,?,?,?)
Hibernate: select u1_0.id,case when u1_1.id is not null then 1 when u1_2.id is not null then 2 when u1_0.id is not null then 0 end,u1_0.email,u1_0.name,u1_0.password,u1_0.role,u1_1.id,u1_2.id from users u1_0 left join student u1_1 on u1_0.id=u1_1.id left join teacher u1_2 on u1_0.id=u1_2.id where u1_0.email=?
Hibernate: select c1_0.id,c1_0.remaining_spots,t1_0.id,t1_1.email,t1_1.name,t1_1.password,t1_1.role,c1_0.title from course c1_0 left join (teacher t1_0 join users t1_1 on t1_0.id=t1_1.id) on t1_0.id=c1_0.teacher_id where c1_0.id=?
Hibernate: select s1_0.id,s1_1.email,s1_1.name,s1_1.password,s1_1.role from student s1_0 join users s1_1 on s1_0.id=s1_1.id where s1_0.id=?
Hibernate: select c1_0.students_id,c1_1.id,c1_1.remaining_spots,t1_0.id,t1_1.email,t1_1.name,t1_1.password,t1_1.role,c1_1.title from student_courses c1_0 join course c1_1 on c1_1.id=c1_0.courses_id left join (teacher t1_0 join users t1_1 on t1_0.id=t1_1.id) on t1_0.id=c1_1.teacher_id where c1_0.students_id=?
Hibernate: update course set remaining_spots=?,teacher_id=?,title=? where id=?
Hibernate: insert into student_courses (students_id,courses_id) values (?,?)
]]></system-out>
  </testcase>
  <testcase name="ListarAlumnosInscritos" classname="org.demo.pc1_demo.course.application.CourseControllerTest" time="0.098">
    <system-out><![CDATA[Hibernate: select t1_0.id,t1_1.email,t1_1.name,t1_1.password,t1_1.role from teacher t1_0 join users t1_1 on t1_0.id=t1_1.id
Hibernate: delete from teacher where id=?
Hibernate: delete from users where id=?
Hibernate: select u1_0.id,case when u1_1.id is not null then 1 when u1_2.id is not null then 2 when u1_0.id is not null then 0 end,u1_0.email,u1_0.name,u1_0.password,u1_0.role,u1_1.id,u1_2.id from users u1_0 left join student u1_1 on u1_0.id=u1_1.id left join teacher u1_2 on u1_0.id=u1_2.id where u1_0.email=?
Hibernate: select u1_0.id,case when u1_1.id is not null then 1 when u1_2.id is not null then 2 when u1_0.id is not null then 0 end,u1_0.email,u1_0.name,u1_0.password,u1_0.role,u1_1.id,u1_2.id from users u1_0 left join student u1_1 on u1_0.id=u1_1.id left join teacher u1_2 on u1_0.id=u1_2.id where u1_0.email=?
Hibernate: insert into users (email,name,password,role,id) values (?,?,?,?,?)
Hibernate: insert into teacher (id) values (?)
Token: eyJhbGciOiJIUzI1NiIsInR5cCI6IkpXVCJ9.eyJzdWIiOiJqaG9uQGdtYWlsLmNvbSIsInJvbGUiOiJST0xFX1RFQUNIRVIiLCJpYXQiOjE3MTY1NjgzMjcsImV4cCI6MTcxNjYwNDMyN30.9R2oA8sTn5nxBaKoB_sCr4oFKVWVUMY9Rf97Skol238
Hibernate: select u1_0.id,case when u1_1.id is not null then 1 when u1_2.id is not null then 2 when u1_0.id is not null then 0 end,u1_0.email,u1_0.name,u1_0.password,u1_0.role,u1_1.id,u1_2.id from users u1_0 left join student u1_1 on u1_0.id=u1_1.id left join teacher u1_2 on u1_0.id=u1_2.id where u1_0.email=?
Hibernate: insert into course (remaining_spots,teacher_id,title,id) values (?,?,?,?)
Hibernate: select u1_0.id,case when u1_1.id is not null then 1 when u1_2.id is not null then 2 when u1_0.id is not null then 0 end,u1_0.email,u1_0.name,u1_0.password,u1_0.role,u1_1.id,u1_2.id from users u1_0 left join student u1_1 on u1_0.id=u1_1.id left join teacher u1_2 on u1_0.id=u1_2.id where u1_0.email=?
Hibernate: insert into course (remaining_spots,teacher_id,title,id) values (?,?,?,?)
Hibernate: select u1_0.id,case when u1_1.id is not null then 1 when u1_2.id is not null then 2 when u1_0.id is not null then 0 end,u1_0.email,u1_0.name,u1_0.password,u1_0.role,u1_1.id,u1_2.id from users u1_0 left join student u1_1 on u1_0.id=u1_1.id left join teacher u1_2 on u1_0.id=u1_2.id where u1_0.email=?
Hibernate: select c1_0.id,c1_0.remaining_spots,t1_0.id,t1_1.email,t1_1.name,t1_1.password,t1_1.role,c1_0.title from course c1_0 left join (teacher t1_0 join users t1_1 on t1_0.id=t1_1.id) on t1_0.id=c1_0.teacher_id where c1_0.id=?
Hibernate: select s1_0.id,s1_1.email,s1_1.name,s1_1.password,s1_1.role from student s1_0 join users s1_1 on s1_0.id=s1_1.id where s1_0.id=?
Hibernate: select c1_0.students_id,c1_1.id,c1_1.remaining_spots,t1_0.id,t1_1.email,t1_1.name,t1_1.password,t1_1.role,c1_1.title from student_courses c1_0 join course c1_1 on c1_1.id=c1_0.courses_id left join (teacher t1_0 join users t1_1 on t1_0.id=t1_1.id) on t1_0.id=c1_1.teacher_id where c1_0.students_id=?
Hibernate: update course set remaining_spots=?,teacher_id=?,title=? where id=?
Hibernate: delete from student_courses where students_id=?
Hibernate: insert into student_courses (students_id,courses_id) values (?,?)
Hibernate: insert into student_courses (students_id,courses_id) values (?,?)
Hibernate: select u1_0.id,case when u1_1.id is not null then 1 when u1_2.id is not null then 2 when u1_0.id is not null then 0 end,u1_0.email,u1_0.name,u1_0.password,u1_0.role,u1_1.id,u1_2.id from users u1_0 left join student u1_1 on u1_0.id=u1_1.id left join teacher u1_2 on u1_0.id=u1_2.id where u1_0.email=?
Hibernate: select c1_0.id,c1_0.remaining_spots,t1_0.id,t1_1.email,t1_1.name,t1_1.password,t1_1.role,c1_0.title from course c1_0 left join (teacher t1_0 join users t1_1 on t1_0.id=t1_1.id) on t1_0.id=c1_0.teacher_id where c1_0.id=?
Hibernate: select s1_0.courses_id,s1_1.id,s1_2.email,s1_2.name,s1_2.password,s1_2.role from student_courses s1_0 join (student s1_1 join users s1_2 on s1_1.id=s1_2.id) on s1_1.id=s1_0.students_id where s1_0.courses_id=?
Hibernate: select c1_0.students_id,c1_1.id,c1_1.remaining_spots,t1_0.id,t1_1.email,t1_1.name,t1_1.password,t1_1.role,c1_1.title from student_courses c1_0 join course c1_1 on c1_1.id=c1_0.courses_id left join (teacher t1_0 join users t1_1 on t1_0.id=t1_1.id) on t1_0.id=c1_1.teacher_id where c1_0.students_id=?
[{"id":1,"role":"STUDENT","name":"Jane","email":"jane@gmail.com","password":"$2a$10$MYzTPuueXqvfS2FJZb7zzenscovbn9Lcb4Oa3BojCTx0nfWD1A51G","rolePrefix":"ROLE_","courses":[{"id":1,"title":"Math","remainingSpots":8,"students":[1,1],"teacher":null},1],"enabled":true,"authorities":[{"authority":"ROLE_STUDENT"}],"username":"jane@gmail.com","accountNonExpired":true,"accountNonLocked":true,"credentialsNonExpired":true},1]
]]></system-out>
  </testcase>
  <testcase name="CrearCurso" classname="org.demo.pc1_demo.course.application.CourseControllerTest" time="0.079">
    <system-out><![CDATA[Hibernate: select t1_0.id,t1_1.email,t1_1.name,t1_1.password,t1_1.role from teacher t1_0 join users t1_1 on t1_0.id=t1_1.id
Hibernate: delete from teacher where id=?
Hibernate: delete from users where id=?
Hibernate: select u1_0.id,case when u1_1.id is not null then 1 when u1_2.id is not null then 2 when u1_0.id is not null then 0 end,u1_0.email,u1_0.name,u1_0.password,u1_0.role,u1_1.id,u1_2.id from users u1_0 left join student u1_1 on u1_0.id=u1_1.id left join teacher u1_2 on u1_0.id=u1_2.id where u1_0.email=?
Hibernate: select u1_0.id,case when u1_1.id is not null then 1 when u1_2.id is not null then 2 when u1_0.id is not null then 0 end,u1_0.email,u1_0.name,u1_0.password,u1_0.role,u1_1.id,u1_2.id from users u1_0 left join student u1_1 on u1_0.id=u1_1.id left join teacher u1_2 on u1_0.id=u1_2.id where u1_0.email=?
Hibernate: insert into users (email,name,password,role,id) values (?,?,?,?,?)
Hibernate: insert into teacher (id) values (?)
Token: eyJhbGciOiJIUzI1NiIsInR5cCI6IkpXVCJ9.eyJzdWIiOiJqaG9uQGdtYWlsLmNvbSIsInJvbGUiOiJST0xFX1RFQUNIRVIiLCJpYXQiOjE3MTY1NjgzMjcsImV4cCI6MTcxNjYwNDMyN30.9R2oA8sTn5nxBaKoB_sCr4oFKVWVUMY9Rf97Skol238
Hibernate: select u1_0.id,case when u1_1.id is not null then 1 when u1_2.id is not null then 2 when u1_0.id is not null then 0 end,u1_0.email,u1_0.name,u1_0.password,u1_0.role,u1_1.id,u1_2.id from users u1_0 left join student u1_1 on u1_0.id=u1_1.id left join teacher u1_2 on u1_0.id=u1_2.id where u1_0.email=?
Hibernate: insert into course (remaining_spots,teacher_id,title,id) values (?,?,?,?)
Hibernate: select u1_0.id,case when u1_1.id is not null then 1 when u1_2.id is not null then 2 when u1_0.id is not null then 0 end,u1_0.email,u1_0.name,u1_0.password,u1_0.role,u1_1.id,u1_2.id from users u1_0 left join student u1_1 on u1_0.id=u1_1.id left join teacher u1_2 on u1_0.id=u1_2.id where u1_0.email=?
Hibernate: insert into course (remaining_spots,teacher_id,title,id) values (?,?,?,?)
Hibernate: select u1_0.id,case when u1_1.id is not null then 1 when u1_2.id is not null then 2 when u1_0.id is not null then 0 end,u1_0.email,u1_0.name,u1_0.password,u1_0.role,u1_1.id,u1_2.id from users u1_0 left join student u1_1 on u1_0.id=u1_1.id left join teacher u1_2 on u1_0.id=u1_2.id where u1_0.email=?
Hibernate: insert into course (remaining_spots,teacher_id,title,id) values (?,?,?,?)
]]></system-out>
  </testcase>
  <testcase name="EliminarCurso" classname="org.demo.pc1_demo.course.application.CourseControllerTest" time="0.079">
    <system-out><![CDATA[Hibernate: select t1_0.id,t1_1.email,t1_1.name,t1_1.password,t1_1.role from teacher t1_0 join users t1_1 on t1_0.id=t1_1.id
Hibernate: delete from teacher where id=?
Hibernate: delete from users where id=?
Hibernate: select u1_0.id,case when u1_1.id is not null then 1 when u1_2.id is not null then 2 when u1_0.id is not null then 0 end,u1_0.email,u1_0.name,u1_0.password,u1_0.role,u1_1.id,u1_2.id from users u1_0 left join student u1_1 on u1_0.id=u1_1.id left join teacher u1_2 on u1_0.id=u1_2.id where u1_0.email=?
Hibernate: select u1_0.id,case when u1_1.id is not null then 1 when u1_2.id is not null then 2 when u1_0.id is not null then 0 end,u1_0.email,u1_0.name,u1_0.password,u1_0.role,u1_1.id,u1_2.id from users u1_0 left join student u1_1 on u1_0.id=u1_1.id left join teacher u1_2 on u1_0.id=u1_2.id where u1_0.email=?
Hibernate: insert into users (email,name,password,role,id) values (?,?,?,?,?)
Hibernate: insert into teacher (id) values (?)
Token: eyJhbGciOiJIUzI1NiIsInR5cCI6IkpXVCJ9.eyJzdWIiOiJqaG9uQGdtYWlsLmNvbSIsInJvbGUiOiJST0xFX1RFQUNIRVIiLCJpYXQiOjE3MTY1NjgzMjcsImV4cCI6MTcxNjYwNDMyN30.9R2oA8sTn5nxBaKoB_sCr4oFKVWVUMY9Rf97Skol238
Hibernate: select u1_0.id,case when u1_1.id is not null then 1 when u1_2.id is not null then 2 when u1_0.id is not null then 0 end,u1_0.email,u1_0.name,u1_0.password,u1_0.role,u1_1.id,u1_2.id from users u1_0 left join student u1_1 on u1_0.id=u1_1.id left join teacher u1_2 on u1_0.id=u1_2.id where u1_0.email=?
Hibernate: insert into course (remaining_spots,teacher_id,title,id) values (?,?,?,?)
Hibernate: select u1_0.id,case when u1_1.id is not null then 1 when u1_2.id is not null then 2 when u1_0.id is not null then 0 end,u1_0.email,u1_0.name,u1_0.password,u1_0.role,u1_1.id,u1_2.id from users u1_0 left join student u1_1 on u1_0.id=u1_1.id left join teacher u1_2 on u1_0.id=u1_2.id where u1_0.email=?
Hibernate: insert into course (remaining_spots,teacher_id,title,id) values (?,?,?,?)
Hibernate: select u1_0.id,case when u1_1.id is not null then 1 when u1_2.id is not null then 2 when u1_0.id is not null then 0 end,u1_0.email,u1_0.name,u1_0.password,u1_0.role,u1_1.id,u1_2.id from users u1_0 left join student u1_1 on u1_0.id=u1_1.id left join teacher u1_2 on u1_0.id=u1_2.id where u1_0.email=?
Hibernate: select c1_0.id,c1_0.remaining_spots,t1_0.id,t1_1.email,t1_1.name,t1_1.password,t1_1.role,c1_0.title from course c1_0 left join (teacher t1_0 join users t1_1 on t1_0.id=t1_1.id) on t1_0.id=c1_0.teacher_id where c1_0.id=?
Hibernate: delete from course where id=?
]]></system-out>
  </testcase>
  <testcase name="ListarCursosConVacantes" classname="org.demo.pc1_demo.course.application.CourseControllerTest" time="0.083">
    <system-out><![CDATA[Hibernate: select t1_0.id,t1_1.email,t1_1.name,t1_1.password,t1_1.role from teacher t1_0 join users t1_1 on t1_0.id=t1_1.id
Hibernate: delete from teacher where id=?
Hibernate: delete from users where id=?
Hibernate: select u1_0.id,case when u1_1.id is not null then 1 when u1_2.id is not null then 2 when u1_0.id is not null then 0 end,u1_0.email,u1_0.name,u1_0.password,u1_0.role,u1_1.id,u1_2.id from users u1_0 left join student u1_1 on u1_0.id=u1_1.id left join teacher u1_2 on u1_0.id=u1_2.id where u1_0.email=?
Hibernate: select u1_0.id,case when u1_1.id is not null then 1 when u1_2.id is not null then 2 when u1_0.id is not null then 0 end,u1_0.email,u1_0.name,u1_0.password,u1_0.role,u1_1.id,u1_2.id from users u1_0 left join student u1_1 on u1_0.id=u1_1.id left join teacher u1_2 on u1_0.id=u1_2.id where u1_0.email=?
Hibernate: insert into users (email,name,password,role,id) values (?,?,?,?,?)
Hibernate: insert into teacher (id) values (?)
Token: eyJhbGciOiJIUzI1NiIsInR5cCI6IkpXVCJ9.eyJzdWIiOiJqaG9uQGdtYWlsLmNvbSIsInJvbGUiOiJST0xFX1RFQUNIRVIiLCJpYXQiOjE3MTY1NjgzMjcsImV4cCI6MTcxNjYwNDMyN30.9R2oA8sTn5nxBaKoB_sCr4oFKVWVUMY9Rf97Skol238
Hibernate: select u1_0.id,case when u1_1.id is not null then 1 when u1_2.id is not null then 2 when u1_0.id is not null then 0 end,u1_0.email,u1_0.name,u1_0.password,u1_0.role,u1_1.id,u1_2.id from users u1_0 left join student u1_1 on u1_0.id=u1_1.id left join teacher u1_2 on u1_0.id=u1_2.id where u1_0.email=?
Hibernate: insert into course (remaining_spots,teacher_id,title,id) values (?,?,?,?)
Hibernate: select u1_0.id,case when u1_1.id is not null then 1 when u1_2.id is not null then 2 when u1_0.id is not null then 0 end,u1_0.email,u1_0.name,u1_0.password,u1_0.role,u1_1.id,u1_2.id from users u1_0 left join student u1_1 on u1_0.id=u1_1.id left join teacher u1_2 on u1_0.id=u1_2.id where u1_0.email=?
Hibernate: insert into course (remaining_spots,teacher_id,title,id) values (?,?,?,?)
Hibernate: select u1_0.id,case when u1_1.id is not null then 1 when u1_2.id is not null then 2 when u1_0.id is not null then 0 end,u1_0.email,u1_0.name,u1_0.password,u1_0.role,u1_1.id,u1_2.id from users u1_0 left join student u1_1 on u1_0.id=u1_1.id left join teacher u1_2 on u1_0.id=u1_2.id where u1_0.email=?
Hibernate: select c1_0.id,c1_0.remaining_spots,c1_0.teacher_id,c1_0.title from course c1_0 where c1_0.remaining_spots>?
Hibernate: select s1_0.courses_id,s1_1.id,s1_2.email,s1_2.name,s1_2.password,s1_2.role from student_courses s1_0 join (student s1_1 join users s1_2 on s1_1.id=s1_2.id) on s1_1.id=s1_0.students_id where s1_0.courses_id=?
Hibernate: select c1_0.students_id,c1_1.id,c1_1.remaining_spots,t1_0.id,t1_1.email,t1_1.name,t1_1.password,t1_1.role,c1_1.title from student_courses c1_0 join course c1_1 on c1_1.id=c1_0.courses_id left join (teacher t1_0 join users t1_1 on t1_0.id=t1_1.id) on t1_0.id=c1_1.teacher_id where c1_0.students_id=?
Hibernate: select s1_0.courses_id,s1_1.id,s1_2.email,s1_2.name,s1_2.password,s1_2.role from student_courses s1_0 join (student s1_1 join users s1_2 on s1_1.id=s1_2.id) on s1_1.id=s1_0.students_id where s1_0.courses_id=?
Hibernate: select s1_0.courses_id,s1_1.id,s1_2.email,s1_2.name,s1_2.password,s1_2.role from student_courses s1_0 join (student s1_1 join users s1_2 on s1_1.id=s1_2.id) on s1_1.id=s1_0.students_id where s1_0.courses_id=?
Hibernate: select s1_0.courses_id,s1_1.id,s1_2.email,s1_2.name,s1_2.password,s1_2.role from student_courses s1_0 join (student s1_1 join users s1_2 on s1_1.id=s1_2.id) on s1_1.id=s1_0.students_id where s1_0.courses_id=?
Hibernate: select s1_0.courses_id,s1_1.id,s1_2.email,s1_2.name,s1_2.password,s1_2.role from student_courses s1_0 join (student s1_1 join users s1_2 on s1_1.id=s1_2.id) on s1_1.id=s1_0.students_id where s1_0.courses_id=?
Hibernate: select s1_0.courses_id,s1_1.id,s1_2.email,s1_2.name,s1_2.password,s1_2.role from student_courses s1_0 join (student s1_1 join users s1_2 on s1_1.id=s1_2.id) on s1_1.id=s1_0.students_id where s1_0.courses_id=?
Hibernate: select s1_0.courses_id,s1_1.id,s1_2.email,s1_2.name,s1_2.password,s1_2.role from student_courses s1_0 join (student s1_1 join users s1_2 on s1_1.id=s1_2.id) on s1_1.id=s1_0.students_id where s1_0.courses_id=?
Hibernate: select s1_0.courses_id,s1_1.id,s1_2.email,s1_2.name,s1_2.password,s1_2.role from student_courses s1_0 join (student s1_1 join users s1_2 on s1_1.id=s1_2.id) on s1_1.id=s1_0.students_id where s1_0.courses_id=?
Hibernate: select s1_0.courses_id,s1_1.id,s1_2.email,s1_2.name,s1_2.password,s1_2.role from student_courses s1_0 join (student s1_1 join users s1_2 on s1_1.id=s1_2.id) on s1_1.id=s1_0.students_id where s1_0.courses_id=?
Hibernate: select s1_0.courses_id,s1_1.id,s1_2.email,s1_2.name,s1_2.password,s1_2.role from student_courses s1_0 join (student s1_1 join users s1_2 on s1_1.id=s1_2.id) on s1_1.id=s1_0.students_id where s1_0.courses_id=?
]]></system-out>
  </testcase>
  <testcase name="DesinscribirAlumno" classname="org.demo.pc1_demo.course.application.CourseControllerTest" time="0.079">
    <system-out><![CDATA[Hibernate: select t1_0.id,t1_1.email,t1_1.name,t1_1.password,t1_1.role from teacher t1_0 join users t1_1 on t1_0.id=t1_1.id
Hibernate: delete from teacher where id=?
Hibernate: delete from users where id=?
Hibernate: select u1_0.id,case when u1_1.id is not null then 1 when u1_2.id is not null then 2 when u1_0.id is not null then 0 end,u1_0.email,u1_0.name,u1_0.password,u1_0.role,u1_1.id,u1_2.id from users u1_0 left join student u1_1 on u1_0.id=u1_1.id left join teacher u1_2 on u1_0.id=u1_2.id where u1_0.email=?
Hibernate: select u1_0.id,case when u1_1.id is not null then 1 when u1_2.id is not null then 2 when u1_0.id is not null then 0 end,u1_0.email,u1_0.name,u1_0.password,u1_0.role,u1_1.id,u1_2.id from users u1_0 left join student u1_1 on u1_0.id=u1_1.id left join teacher u1_2 on u1_0.id=u1_2.id where u1_0.email=?
Hibernate: insert into users (email,name,password,role,id) values (?,?,?,?,?)
Hibernate: insert into teacher (id) values (?)
Token: eyJhbGciOiJIUzI1NiIsInR5cCI6IkpXVCJ9.eyJzdWIiOiJqaG9uQGdtYWlsLmNvbSIsInJvbGUiOiJST0xFX1RFQUNIRVIiLCJpYXQiOjE3MTY1NjgzMjcsImV4cCI6MTcxNjYwNDMyN30.9R2oA8sTn5nxBaKoB_sCr4oFKVWVUMY9Rf97Skol238
Hibernate: select u1_0.id,case when u1_1.id is not null then 1 when u1_2.id is not null then 2 when u1_0.id is not null then 0 end,u1_0.email,u1_0.name,u1_0.password,u1_0.role,u1_1.id,u1_2.id from users u1_0 left join student u1_1 on u1_0.id=u1_1.id left join teacher u1_2 on u1_0.id=u1_2.id where u1_0.email=?
Hibernate: insert into course (remaining_spots,teacher_id,title,id) values (?,?,?,?)
Hibernate: select u1_0.id,case when u1_1.id is not null then 1 when u1_2.id is not null then 2 when u1_0.id is not null then 0 end,u1_0.email,u1_0.name,u1_0.password,u1_0.role,u1_1.id,u1_2.id from users u1_0 left join student u1_1 on u1_0.id=u1_1.id left join teacher u1_2 on u1_0.id=u1_2.id where u1_0.email=?
Hibernate: insert into course (remaining_spots,teacher_id,title,id) values (?,?,?,?)
Hibernate: select u1_0.id,case when u1_1.id is not null then 1 when u1_2.id is not null then 2 when u1_0.id is not null then 0 end,u1_0.email,u1_0.name,u1_0.password,u1_0.role,u1_1.id,u1_2.id from users u1_0 left join student u1_1 on u1_0.id=u1_1.id left join teacher u1_2 on u1_0.id=u1_2.id where u1_0.email=?
Hibernate: select c1_0.id,c1_0.remaining_spots,t1_0.id,t1_1.email,t1_1.name,t1_1.password,t1_1.role,c1_0.title from course c1_0 left join (teacher t1_0 join users t1_1 on t1_0.id=t1_1.id) on t1_0.id=c1_0.teacher_id where c1_0.id=?
Hibernate: select s1_0.id,s1_1.email,s1_1.name,s1_1.password,s1_1.role from student s1_0 join users s1_1 on s1_0.id=s1_1.id where s1_0.id=?
Hibernate: select c1_0.students_id,c1_1.id,c1_1.remaining_spots,t1_0.id,t1_1.email,t1_1.name,t1_1.password,t1_1.role,c1_1.title from student_courses c1_0 join course c1_1 on c1_1.id=c1_0.courses_id left join (teacher t1_0 join users t1_1 on t1_0.id=t1_1.id) on t1_0.id=c1_1.teacher_id where c1_0.students_id=?
Hibernate: update course set remaining_spots=?,teacher_id=?,title=? where id=?
Hibernate: delete from student_courses where students_id=?
Hibernate: insert into student_courses (students_id,courses_id) values (?,?)
Hibernate: insert into student_courses (students_id,courses_id) values (?,?)
Hibernate: insert into student_courses (students_id,courses_id) values (?,?)
Hibernate: select u1_0.id,case when u1_1.id is not null then 1 when u1_2.id is not null then 2 when u1_0.id is not null then 0 end,u1_0.email,u1_0.name,u1_0.password,u1_0.role,u1_1.id,u1_2.id from users u1_0 left join student u1_1 on u1_0.id=u1_1.id left join teacher u1_2 on u1_0.id=u1_2.id where u1_0.email=?
Hibernate: select c1_0.id,c1_0.remaining_spots,t1_0.id,t1_1.email,t1_1.name,t1_1.password,t1_1.role,c1_0.title from course c1_0 left join (teacher t1_0 join users t1_1 on t1_0.id=t1_1.id) on t1_0.id=c1_0.teacher_id where c1_0.id=?
Hibernate: select s1_0.id,s1_1.email,s1_1.name,s1_1.password,s1_1.role from student s1_0 join users s1_1 on s1_0.id=s1_1.id where s1_0.id=?
Hibernate: select s1_0.courses_id,s1_1.id,s1_2.email,s1_2.name,s1_2.password,s1_2.role from student_courses s1_0 join (student s1_1 join users s1_2 on s1_1.id=s1_2.id) on s1_1.id=s1_0.students_id where s1_0.courses_id=?
Hibernate: select c1_0.students_id,c1_1.id,c1_1.remaining_spots,t1_0.id,t1_1.email,t1_1.name,t1_1.password,t1_1.role,c1_1.title from student_courses c1_0 join course c1_1 on c1_1.id=c1_0.courses_id left join (teacher t1_0 join users t1_1 on t1_0.id=t1_1.id) on t1_0.id=c1_1.teacher_id where c1_0.students_id=?
Hibernate: update course set remaining_spots=?,teacher_id=?,title=? where id=?
Hibernate: delete from student_courses where students_id=?
Hibernate: insert into student_courses (students_id,courses_id) values (?,?)
Hibernate: insert into student_courses (students_id,courses_id) values (?,?)
]]></system-out>
  </testcase>
  <testcase name="ActualizarCurso" classname="org.demo.pc1_demo.course.application.CourseControllerTest" time="0.078">
    <system-out><![CDATA[Hibernate: select t1_0.id,t1_1.email,t1_1.name,t1_1.password,t1_1.role from teacher t1_0 join users t1_1 on t1_0.id=t1_1.id
Hibernate: delete from teacher where id=?
Hibernate: delete from users where id=?
Hibernate: select u1_0.id,case when u1_1.id is not null then 1 when u1_2.id is not null then 2 when u1_0.id is not null then 0 end,u1_0.email,u1_0.name,u1_0.password,u1_0.role,u1_1.id,u1_2.id from users u1_0 left join student u1_1 on u1_0.id=u1_1.id left join teacher u1_2 on u1_0.id=u1_2.id where u1_0.email=?
Hibernate: select u1_0.id,case when u1_1.id is not null then 1 when u1_2.id is not null then 2 when u1_0.id is not null then 0 end,u1_0.email,u1_0.name,u1_0.password,u1_0.role,u1_1.id,u1_2.id from users u1_0 left join student u1_1 on u1_0.id=u1_1.id left join teacher u1_2 on u1_0.id=u1_2.id where u1_0.email=?
Hibernate: insert into users (email,name,password,role,id) values (?,?,?,?,?)
Hibernate: insert into teacher (id) values (?)
Token: eyJhbGciOiJIUzI1NiIsInR5cCI6IkpXVCJ9.eyJzdWIiOiJqaG9uQGdtYWlsLmNvbSIsInJvbGUiOiJST0xFX1RFQUNIRVIiLCJpYXQiOjE3MTY1NjgzMjcsImV4cCI6MTcxNjYwNDMyN30.9R2oA8sTn5nxBaKoB_sCr4oFKVWVUMY9Rf97Skol238
Hibernate: select u1_0.id,case when u1_1.id is not null then 1 when u1_2.id is not null then 2 when u1_0.id is not null then 0 end,u1_0.email,u1_0.name,u1_0.password,u1_0.role,u1_1.id,u1_2.id from users u1_0 left join student u1_1 on u1_0.id=u1_1.id left join teacher u1_2 on u1_0.id=u1_2.id where u1_0.email=?
Hibernate: insert into course (remaining_spots,teacher_id,title,id) values (?,?,?,?)
Hibernate: select u1_0.id,case when u1_1.id is not null then 1 when u1_2.id is not null then 2 when u1_0.id is not null then 0 end,u1_0.email,u1_0.name,u1_0.password,u1_0.role,u1_1.id,u1_2.id from users u1_0 left join student u1_1 on u1_0.id=u1_1.id left join teacher u1_2 on u1_0.id=u1_2.id where u1_0.email=?
Hibernate: insert into course (remaining_spots,teacher_id,title,id) values (?,?,?,?)
Hibernate: select u1_0.id,case when u1_1.id is not null then 1 when u1_2.id is not null then 2 when u1_0.id is not null then 0 end,u1_0.email,u1_0.name,u1_0.password,u1_0.role,u1_1.id,u1_2.id from users u1_0 left join student u1_1 on u1_0.id=u1_1.id left join teacher u1_2 on u1_0.id=u1_2.id where u1_0.email=?
Hibernate: select c1_0.id,c1_0.remaining_spots,t1_0.id,t1_1.email,t1_1.name,t1_1.password,t1_1.role,c1_0.title from course c1_0 left join (teacher t1_0 join users t1_1 on t1_0.id=t1_1.id) on t1_0.id=c1_0.teacher_id where c1_0.id=?
Hibernate: select s1_0.courses_id,s1_1.id,s1_2.email,s1_2.name,s1_2.password,s1_2.role from student_courses s1_0 join (student s1_1 join users s1_2 on s1_1.id=s1_2.id) on s1_1.id=s1_0.students_id where s1_0.courses_id=?
Hibernate: select c1_0.students_id,c1_1.id,c1_1.remaining_spots,t1_0.id,t1_1.email,t1_1.name,t1_1.password,t1_1.role,c1_1.title from student_courses c1_0 join course c1_1 on c1_1.id=c1_0.courses_id left join (teacher t1_0 join users t1_1 on t1_0.id=t1_1.id) on t1_0.id=c1_1.teacher_id where c1_0.students_id=?
]]></system-out>
  </testcase>
</testsuite>