<?xml version="1.0" encoding="UTF-8"?>
<testsuite xmlns:xsi="http://www.w3.org/2001/XMLSchema-instance" xsi:noNamespaceSchemaLocation="https://maven.apache.org/surefire/maven-surefire-plugin/xsd/surefire-test-report-3.0.xsd" version="3.0" name="org.demo.pc1_demo.course.infrastructure.CourseRepositoryTest" time="0.142" tests="3" errors="0" skipped="0" failures="0">
  <properties>
[...]
</properties>
  <testcase name="findCoursesByRemainingSpotsIsGreaterThanTest" classname="org.demo.pc1_demo.course.infrastructure.CourseRepositoryTest" time="0.009">
    <system-out><![CDATA[&amp#27;[2m2024-05-24T11:32:07.882-05:00&amp#27;[0;39m &amp#27;[32m INFO&amp#27;[0;39m &amp#27;[35m6451&amp#27;[0;39m &amp#27;[2m---&amp#27;[0;39m &amp#27;[2m[           main]&amp#27;[0;39m &amp#27;[2m&amp#27;[0;39m&amp#27;[36mt.c.s.AnnotationConfigContextLoaderUtils&amp#27;[0;39m &amp#27;[2m:&amp#27;[0;39m Could not detect default configuration classes for test class [org.demo.pc1_demo.course.infrastructure.CourseRepositoryTest]: CourseRepositoryTest does not declare any static, non-private, non-final, nested classes annotated with @Configuration.
&amp#27;[2m2024-05-24T11:32:07.892-05:00&amp#27;[0;39m &amp#27;[32m INFO&amp#27;[0;39m &amp#27;[35m6451&amp#27;[0;39m &amp#27;[2m---&amp#27;[0;39m &amp#27;[2m[           main]&amp#27;[0;39m &amp#27;[2m&amp#27;[0;39m&amp#27;[36m.b.t.c.SpringBootTestContextBootstrapper&amp#27;[0;39m &amp#27;[2m:&amp#27;[0;39m Found @SpringBootConfiguration org.demo.pc1_demo.Pc1DemoApplication for test class org.demo.pc1_demo.course.infrastructure.CourseRepositoryTest

  .   ____          _            __ _ _
 /\\ / ___'_ __ _ _(_)_ __  __ _ \ \ \ \
( ( )\___ | '_ | '_| | '_ \/ _` | \ \ \ \
 \\/  ___)| |_)| | | | | || (_| |  ) ) ) )
  '  |____| .__|_| |_|_| |_\__, | / / / /
 =========|_|==============|___/=/_/_/_/
&amp#27;[32m :: Spring Boot :: &amp#27;[39m              &amp#27;[2m (v3.2.5)&amp#27;[0;39m

&amp#27;[2m2024-05-24T11:32:07.902-05:00&amp#27;[0;39m &amp#27;[32m INFO&amp#27;[0;39m &amp#27;[35m6451&amp#27;[0;39m &amp#27;[2m---&amp#27;[0;39m &amp#27;[2m[           main]&amp#27;[0;39m &amp#27;[2m&amp#27;[0;39m&amp#27;[36mo.d.p.c.i.CourseRepositoryTest          &amp#27;[0;39m &amp#27;[2m:&amp#27;[0;39m Starting CourseRepositoryTest using Java 22.0.1 with PID 6451 (started by mateonoel in /Users/mateonoel/Desktop/pc1-repaso)
&amp#27;[2m2024-05-24T11:32:07.902-05:00&amp#27;[0;39m &amp#27;[32m INFO&amp#27;[0;39m &amp#27;[35m6451&amp#27;[0;39m &amp#27;[2m---&amp#27;[0;39m &amp#27;[2m[           main]&amp#27;[0;39m &amp#27;[2m&amp#27;[0;39m&amp#27;[36mo.d.p.c.i.CourseRepositoryTest          &amp#27;[0;39m &amp#27;[2m:&amp#27;[0;39m The following 1 profile is active: "test"
&amp#27;[2m2024-05-24T11:32:07.924-05:00&amp#27;[0;39m &amp#27;[32m INFO&amp#27;[0;39m &amp#27;[35m6451&amp#27;[0;39m &amp#27;[2m---&amp#27;[0;39m &amp#27;[2m[           main]&amp#27;[0;39m &amp#27;[2m&amp#27;[0;39m&amp#27;[36m.s.d.r.c.RepositoryConfigurationDelegate&amp#27;[0;39m &amp#27;[2m:&amp#27;[0;39m Bootstrapping Spring Data JPA repositories in DEFAULT mode.
&amp#27;[2m2024-05-24T11:32:07.928-05:00&amp#27;[0;39m &amp#27;[32m INFO&amp#27;[0;39m &amp#27;[35m6451&amp#27;[0;39m &amp#27;[2m---&amp#27;[0;39m &amp#27;[2m[           main]&amp#27;[0;39m &amp#27;[2m&amp#27;[0;39m&amp#27;[36m.s.d.r.c.RepositoryConfigurationDelegate&amp#27;[0;39m &amp#27;[2m:&amp#27;[0;39m Finished Spring Data repository scanning in 3 ms. Found 4 JPA repository interfaces.
&amp#27;[2m2024-05-24T11:32:07.932-05:00&amp#27;[0;39m &amp#27;[32m INFO&amp#27;[0;39m &amp#27;[35m6451&amp#27;[0;39m &amp#27;[2m---&amp#27;[0;39m &amp#27;[2m[           main]&amp#27;[0;39m &amp#27;[2m&amp#27;[0;39m&amp#27;[36mbeddedDataSourceBeanFactoryPostProcessor&amp#27;[0;39m &amp#27;[2m:&amp#27;[0;39m Replacing 'dataSource' DataSource bean with embedded version
&amp#27;[2m2024-05-24T11:32:07.938-05:00&amp#27;[0;39m &amp#27;[32m INFO&amp#27;[0;39m &amp#27;[35m6451&amp#27;[0;39m &amp#27;[2m---&amp#27;[0;39m &amp#27;[2m[           main]&amp#27;[0;39m &amp#27;[2m&amp#27;[0;39m&amp#27;[36mo.s.j.d.e.EmbeddedDatabaseFactory       &amp#27;[0;39m &amp#27;[2m:&amp#27;[0;39m Starting embedded database: url='jdbc:h2:mem:611ca59a-b55f-4783-9303-eeb99136a830;DB_CLOSE_DELAY=-1;DB_CLOSE_ON_EXIT=false', username='sa'
&amp#27;[2m2024-05-24T11:32:07.943-05:00&amp#27;[0;39m &amp#27;[32m INFO&amp#27;[0;39m &amp#27;[35m6451&amp#27;[0;39m &amp#27;[2m---&amp#27;[0;39m &amp#27;[2m[           main]&amp#27;[0;39m &amp#27;[2m&amp#27;[0;39m&amp#27;[36mo.hibernate.jpa.internal.util.LogHelper &amp#27;[0;39m &amp#27;[2m:&amp#27;[0;39m HHH000204: Processing PersistenceUnitInfo [name: default]
&amp#27;[2m2024-05-24T11:32:07.950-05:00&amp#27;[0;39m &amp#27;[32m INFO&amp#27;[0;39m &amp#27;[35m6451&amp#27;[0;39m &amp#27;[2m---&amp#27;[0;39m &amp#27;[2m[           main]&amp#27;[0;39m &amp#27;[2m&amp#27;[0;39m&amp#27;[36mo.h.c.internal.RegionFactoryInitiator   &amp#27;[0;39m &amp#27;[2m:&amp#27;[0;39m HHH000026: Second-level cache disabled
&amp#27;[2m2024-05-24T11:32:07.952-05:00&amp#27;[0;39m &amp#27;[32m INFO&amp#27;[0;39m &amp#27;[35m6451&amp#27;[0;39m &amp#27;[2m---&amp#27;[0;39m &amp#27;[2m[           main]&amp#27;[0;39m &amp#27;[2m&amp#27;[0;39m&amp#27;[36mo.s.o.j.p.SpringPersistenceUnitInfo     &amp#27;[0;39m &amp#27;[2m:&amp#27;[0;39m No LoadTimeWeaver setup: ignoring JPA class transformer
&amp#27;[2m2024-05-24T11:32:07.980-05:00&amp#27;[0;39m &amp#27;[32m INFO&amp#27;[0;39m &amp#27;[35m6451&amp#27;[0;39m &amp#27;[2m---&amp#27;[0;39m &amp#27;[2m[           main]&amp#27;[0;39m &amp#27;[2m&amp#27;[0;39m&amp#27;[36mo.h.e.t.j.p.i.JtaPlatformInitiator      &amp#27;[0;39m &amp#27;[2m:&amp#27;[0;39m HHH000489: No JTA platform available (set 'hibernate.transaction.jta.platform' to enable JTA platform integration)
Hibernate: drop table if exists course cascade 
Hibernate: drop table if exists student cascade 
Hibernate: drop table if exists student_courses cascade 
Hibernate: drop table if exists teacher cascade 
Hibernate: drop table if exists users cascade 
Hibernate: drop sequence if exists course_seq
Hibernate: drop sequence if exists users_seq
Hibernate: create sequence course_seq start with 1 increment by 50
Hibernate: create sequence users_seq start with 1 increment by 50
Hibernate: create table course (remaining_spots integer, id bigint not null, teacher_id bigint, title varchar(255), primary key (id))
Hibernate: create table student (id bigint not null, primary key (id))
Hibernate: create table student_courses (courses_id bigint not null, students_id bigint not null)
Hibernate: create table teacher (id bigint not null, primary key (id))
Hibernate: create table users (role tinyint not null check (role between 0 and 1), id bigint not null, email varchar(255) not null, name varchar(255) not null, password varchar(255) not null, primary key (id))
Hibernate: alter table if exists course add constraint FKsybhlxoejr4j3teomm5u2bx1n foreign key (teacher_id) references teacher
Hibernate: alter table if exists student add constraint FK3w7xmt19i6a0cr7kp8c80ek40 foreign key (id) references users
Hibernate: alter table if exists student_courses add constraint FKlwviiijdg10oc2ui4yl7adh1o foreign key (courses_id) references course
Hibernate: alter table if exists student_courses add constraint FKrgo64lg01pxfwq2x9753jgywc foreign key (students_id) references student
Hibernate: alter table if exists teacher add constraint FKspqy2s83gvl6g8nt5aubls90k foreign key (id) references users
&amp#27;[2m2024-05-24T11:32:07.984-05:00&amp#27;[0;39m &amp#27;[32m INFO&amp#27;[0;39m &amp#27;[35m6451&amp#27;[0;39m &amp#27;[2m---&amp#27;[0;39m &amp#27;[2m[           main]&amp#27;[0;39m &amp#27;[2m&amp#27;[0;39m&amp#27;[36mj.LocalContainerEntityManagerFactoryBean&amp#27;[0;39m &amp#27;[2m:&amp#27;[0;39m Initialized JPA EntityManagerFactory for persistence unit 'default'
&amp#27;[2m2024-05-24T11:32:08.001-05:00&amp#27;[0;39m &amp#27;[32m INFO&amp#27;[0;39m &amp#27;[35m6451&amp#27;[0;39m &amp#27;[2m---&amp#27;[0;39m &amp#27;[2m[           main]&amp#27;[0;39m &amp#27;[2m&amp#27;[0;39m&amp#27;[36mo.d.p.c.i.CourseRepositoryTest          &amp#27;[0;39m &amp#27;[2m:&amp#27;[0;39m Started CourseRepositoryTest in 0.108 seconds (process running for 3.355)
Hibernate: select next value for users_seq
Hibernate: select next value for users_seq
Hibernate: select next value for course_seq
Hibernate: select next value for course_seq
Hibernate: insert into users (email,name,password,role,id) values (?,?,?,?,?)
Hibernate: insert into student (id) values (?)
Hibernate: insert into users (email,name,password,role,id) values (?,?,?,?,?)
Hibernate: insert into teacher (id) values (?)
Hibernate: insert into course (remaining_spots,teacher_id,title,id) values (?,?,?,?)
Hibernate: insert into course (remaining_spots,teacher_id,title,id) values (?,?,?,?)
Hibernate: insert into student_courses (students_id,courses_id) values (?,?)
Hibernate: select c1_0.id,c1_0.remaining_spots,c1_0.teacher_id,c1_0.title from course c1_0 where c1_0.remaining_spots>?
]]></system-out>
  </testcase>
  <testcase name="findCourseByTeacherEqualsTest" classname="org.demo.pc1_demo.course.infrastructure.CourseRepositoryTest" time="0.004">
    <system-out><![CDATA[Hibernate: insert into users (email,name,password,role,id) values (?,?,?,?,?)
Hibernate: insert into student (id) values (?)
Hibernate: insert into users (email,name,password,role,id) values (?,?,?,?,?)
Hibernate: insert into teacher (id) values (?)
Hibernate: insert into course (remaining_spots,teacher_id,title,id) values (?,?,?,?)
Hibernate: insert into course (remaining_spots,teacher_id,title,id) values (?,?,?,?)
Hibernate: insert into student_courses (students_id,courses_id) values (?,?)
Hibernate: select c1_0.id,c1_0.remaining_spots,c1_0.teacher_id,c1_0.title from course c1_0 where c1_0.teacher_id=?
]]></system-out>
  </testcase>
  <testcase name="findCourseByStudentsContainingTest" classname="org.demo.pc1_demo.course.infrastructure.CourseRepositoryTest" time="0.005">
    <system-out><![CDATA[Hibernate: insert into users (email,name,password,role,id) values (?,?,?,?,?)
Hibernate: insert into student (id) values (?)
Hibernate: insert into users (email,name,password,role,id) values (?,?,?,?,?)
Hibernate: insert into teacher (id) values (?)
Hibernate: insert into course (remaining_spots,teacher_id,title,id) values (?,?,?,?)
Hibernate: insert into course (remaining_spots,teacher_id,title,id) values (?,?,?,?)
Hibernate: insert into student_courses (students_id,courses_id) values (?,?)
Hibernate: select c1_0.id,c1_0.remaining_spots,c1_0.teacher_id,c1_0.title from course c1_0 where ? in (select s1_0.students_id from student_courses s1_0 where c1_0.id=s1_0.courses_id)
]]></system-out>
  </testcase>
</testsuite>